<?xml version="1.0" encoding="UTF-8"?>
<!-- Generated by org.testng.reporters.JUnitReportReporter -->
<testsuite hostname="LAPTOP-ENOR0IVM" name="TestFramework.basics" tests="1" failures="0" timestamp="24 Apr 2019 23:32:45 GMT" time="5.123" errors="0">
  <testcase name="getPlaceAPI" time="5.123" classname="TestFramework.basics"/>
</testsuite>
