<?xml version="1.0" encoding="UTF-8"?>
<!-- Generated by org.testng.reporters.JUnitReportReporter -->
<testsuite hostname="LAPTOP-ENOR0IVM" name="TestFramework.basics5" tests="1" failures="0" timestamp="24 Apr 2019 23:47:52 GMT" time="4.926" errors="0">
  <testcase name="extractingNamesAPI" time="4.926" classname="TestFramework.basics5"/>
</testsuite>
