<?xml version="1.0" encoding="UTF-8"?>
<!-- Generated by org.testng.reporters.JUnitReportReporter -->
<testsuite hostname="LAPTOP-ENOR0IVM" name="TestFramework.basics" tests="1" failures="0" timestamp="25 Apr 2019 00:15:47 GMT" time="3.292" errors="0">
  <testcase name="getPlaceAPI" time="3.292" classname="TestFramework.basics"/>
</testsuite>
